ics-openvpn/vpndialogxposed/build/outputs/logs/manifest-merger-debug-report.txt
-- Merging decision tree log ---
manifest
ADDED from src/main/AndroidManifest.xml:7:1-38:12
	package
		ADDED from src/main/AndroidManifest.xml:8:11-46
	android:versionName
		INJECTED from src/main/AndroidManifest.xml
		INJECTED from src/main/AndroidManifest.xml
	xmlns:android
		ADDED from src/main/AndroidManifest.xml:7:11-69
	android:versionCode
		INJECTED from src/main/AndroidManifest.xml
		INJECTED from src/main/AndroidManifest.xml
application
ADDED from src/main/AndroidManifest.xml:11:5-36:19
	android:label
		ADDED from src/main/AndroidManifest.xml:14:13-45
	android:allowBackup
		ADDED from src/main/AndroidManifest.xml:12:13-39
	android:icon
		ADDED from src/main/AndroidManifest.xml:13:13-49
activity#de.blinkt.vpndialogxposed.AllowedVPNsChooser
ADDED from src/main/AndroidManifest.xml:17:9-25:20
	android:name
		ADDED from src/main/AndroidManifest.xml:18:17-51
intent-filter#android.intent.action.MAIN+android.intent.category.BROWSABLE+android.intent.category.LAUNCHER
ADDED from src/main/AndroidManifest.xml:19:13-24:29
action#android.intent.action.MAIN
ADDED from src/main/AndroidManifest.xml:20:17-68
	android:name
		ADDED from src/main/AndroidManifest.xml:20:25-66
category#android.intent.category.BROWSABLE
ADDED from src/main/AndroidManifest.xml:22:17-77
	android:name
		ADDED from src/main/AndroidManifest.xml:22:27-75
category#android.intent.category.LAUNCHER
ADDED from src/main/AndroidManifest.xml:23:17-76
	android:name
		ADDED from src/main/AndroidManifest.xml:23:27-74
meta-data#xposedmodule
ADDED from src/main/AndroidManifest.xml:27:9-29:46
	android:value
		ADDED from src/main/AndroidManifest.xml:28:17-37
	android:name
		ADDED from src/main/AndroidManifest.xml:29:17-44
meta-data#xposedminversion
ADDED from src/main/AndroidManifest.xml:30:9-32:50
	android:value
		ADDED from src/main/AndroidManifest.xml:31:17-37
	android:name
		ADDED from src/main/AndroidManifest.xml:32:17-48
meta-data#xposeddescription
ADDED from src/main/AndroidManifest.xml:33:9-35:51
	android:value
		ADDED from src/main/AndroidManifest.xml:34:17-117
	android:name
		ADDED from src/main/AndroidManifest.xml:35:17-49
uses-sdk
INJECTED from src/main/AndroidManifest.xml reason: use-sdk injection requested
	android:targetSdkVersion
		INJECTED from src/main/AndroidManifest.xml
		INJECTED from src/main/AndroidManifest.xml
	android:minSdkVersion
		INJECTED from src/main/AndroidManifest.xml
		INJECTED from src/main/AndroidManifest.xml